<?xml version="1.0" encoding="UTF-8"?>
<!-- Generated by org.testng.reporters.JUnitXMLReporter -->
<testsuite hostname="Minhajs-MacBook-Pro.local" ignored="0" name="Nopackage" tests="1" failures="1" timestamp="06 Aug 2019 21:55:36 GMT" time="1.255" errors="0">
  <testcase name="feature" time="0.941" classname="cucumber.api.testng.AbstractTestNGCucumberTests">
    <failure type="cucumber.runtime.CucumberException" message="org.openqa.selenium.WebDriverException: unknown error: cannot find Chrome binary
Build info: version: &amp;apos;3.141.59&amp;apos;, revision: &amp;apos;e82be7d358&amp;apos;, time: &amp;apos;2018-11-14T08:17:03&amp;apos;
System info: host: &amp;apos;Minhajs-MacBook-Pro.local&amp;apos;, ip: &amp;apos;fe80:0:0:0:104c:9bd7:c913:5e84%en0&amp;apos;, os.name: &amp;apos;Mac OS X&amp;apos;, os.arch: &amp;apos;x86_64&amp;apos;, os.version: &amp;apos;10.14.6&amp;apos;, java.version: &amp;apos;1.8.0_121&amp;apos;
Driver info: driver.version: ChromeDriver
remote stacktrace: 0   chromedriver                        0x00000001008e1319 chromedriver + 3597081
1   chromedriver                        0x0000000100870f73 chromedriver + 3137395
2   chromedriver                        0x000000010061cc6f chromedriver + 695407
3   chromedriver                        0x0000000100585f3e chromedriver + 77630
4   chromedriver                        0x00000001005b30b9 chromedriver + 262329
5   chromedriver                        0x00000001005b06d3 chromedriver + 251603
6   chromedriver                        0x000000010058ca6a chromedriver + 105066
7   chromedriver                        0x000000010058dac5 chromedriver + 109253
8   chromedriver                        0x000000010089ff85 chromedriver + 3329925
9   chromedriver                        0x00000001008ab890 chromedriver + 3377296
10  chromedriver                        0x00000001008ab628 chromedriver + 3376680
11  chromedriver                        0x000000010087f769 chromedriver + 3196777
12  chromedriver                        0x00000001008ac108 chromedriver + 3379464
13  chromedriver                        0x0000000100893957 chromedriver + 3279191
14  chromedriver                        0x00000001008c8a94 chromedriver + 3496596
15  chromedriver                        0x00000001008e7047 chromedriver + 3620935
16  libsystem_pthread.dylib             0x00007fff682d72eb _pthread_body + 126
17  libsystem_pthread.dylib             0x00007fff682da249 _pthread_start + 66
18  libsystem_pthread.dylib             0x00007fff682d640d thread_start + 13
">
      <![CDATA[cucumber.runtime.CucumberException: org.openqa.selenium.WebDriverException: unknown error: cannot find Chrome binary
Build info: version: '3.141.59', revision: 'e82be7d358', time: '2018-11-14T08:17:03'
System info: host: 'Minhajs-MacBook-Pro.local', ip: 'fe80:0:0:0:104c:9bd7:c913:5e84%en0', os.name: 'Mac OS X', os.arch: 'x86_64', os.version: '10.14.6', java.version: '1.8.0_121'
Driver info: driver.version: ChromeDriver
remote stacktrace: 0   chromedriver                        0x00000001008e1319 chromedriver + 3597081
1   chromedriver                        0x0000000100870f73 chromedriver + 3137395
2   chromedriver                        0x000000010061cc6f chromedriver + 695407
3   chromedriver                        0x0000000100585f3e chromedriver + 77630
4   chromedriver                        0x00000001005b30b9 chromedriver + 262329
5   chromedriver                        0x00000001005b06d3 chromedriver + 251603
6   chromedriver                        0x000000010058ca6a chromedriver + 105066
7   chromedriver                        0x000000010058dac5 chromedriver + 109253
8   chromedriver                        0x000000010089ff85 chromedriver + 3329925
9   chromedriver                        0x00000001008ab890 chromedriver + 3377296
10  chromedriver                        0x00000001008ab628 chromedriver + 3376680
11  chromedriver                        0x000000010087f769 chromedriver + 3196777
12  chromedriver                        0x00000001008ac108 chromedriver + 3379464
13  chromedriver                        0x0000000100893957 chromedriver + 3279191
14  chromedriver                        0x00000001008c8a94 chromedriver + 3496596
15  chromedriver                        0x00000001008e7047 chromedriver + 3620935
16  libsystem_pthread.dylib             0x00007fff682d72eb _pthread_body + 126
17  libsystem_pthread.dylib             0x00007fff682da249 _pthread_start + 66
18  libsystem_pthread.dylib             0x00007fff682d640d thread_start + 13

at cucumber.api.testng.TestNGCucumberRunner.runCucumber(TestNGCucumberRunner.java:69)
at cucumber.api.testng.AbstractTestNGCucumberTests.feature(AbstractTestNGCucumberTests.java:21)
Caused by: org.openqa.selenium.WebDriverException: unknown error: cannot find Chrome binary
Build info: version: '3.141.59', revision: 'e82be7d358', time: '2018-11-14T08:17:03'
System info: host: 'Minhajs-MacBook-Pro.local', ip: 'fe80:0:0:0:104c:9bd7:c913:5e84%en0', os.name: 'Mac OS X', os.arch: 'x86_64', os.version: '10.14.6', java.version: '1.8.0_121'
Driver info: driver.version: ChromeDriver
remote stacktrace: 0   chromedriver                        0x00000001008e1319 chromedriver + 3597081
1   chromedriver                        0x0000000100870f73 chromedriver + 3137395
2   chromedriver                        0x000000010061cc6f chromedriver + 695407
3   chromedriver                        0x0000000100585f3e chromedriver + 77630
4   chromedriver                        0x00000001005b30b9 chromedriver + 262329
5   chromedriver                        0x00000001005b06d3 chromedriver + 251603
6   chromedriver                        0x000000010058ca6a chromedriver + 105066
7   chromedriver                        0x000000010058dac5 chromedriver + 109253
8   chromedriver                        0x000000010089ff85 chromedriver + 3329925
9   chromedriver                        0x00000001008ab890 chromedriver + 3377296
10  chromedriver                        0x00000001008ab628 chromedriver + 3376680
11  chromedriver                        0x000000010087f769 chromedriver + 3196777
12  chromedriver                        0x00000001008ac108 chromedriver + 3379464
13  chromedriver                        0x0000000100893957 chromedriver + 3279191
14  chromedriver                        0x00000001008c8a94 chromedriver + 3496596
15  chromedriver                        0x00000001008e7047 chromedriver + 3620935
16  libsystem_pthread.dylib             0x00007fff682d72eb _pthread_body + 126
17  libsystem_pthread.dylib             0x00007fff682da249 _pthread_start + 66
18  libsystem_pthread.dylib             0x00007fff682d640d thread_start + 13

at org.openqa.selenium.remote.W3CHandshakeResponse.lambda$errorHandler$0(W3CHandshakeResponse.java:62)
at org.openqa.selenium.remote.HandshakeResponse.lambda$getResponseFunction$0(HandshakeResponse.java:30)
at org.openqa.selenium.remote.ProtocolHandshake.lambda$createSession$0(ProtocolHandshake.java:126)
at java.util.stream.ReferencePipeline$3$1.accept(ReferencePipeline.java:193)
at java.util.Spliterators$ArraySpliterator.tryAdvance(Spliterators.java:958)
at java.util.stream.ReferencePipeline.forEachWithCancel(ReferencePipeline.java:126)
at java.util.stream.AbstractPipeline.copyIntoWithCancel(AbstractPipeline.java:498)
at java.util.stream.AbstractPipeline.copyInto(AbstractPipeline.java:485)
at java.util.stream.AbstractPipeline.wrapAndCopyInto(AbstractPipeline.java:471)
at java.util.stream.FindOps$FindOp.evaluateSequential(FindOps.java:152)
at java.util.stream.AbstractPipeline.evaluate(AbstractPipeline.java:234)
at java.util.stream.ReferencePipeline.findFirst(ReferencePipeline.java:464)
at org.openqa.selenium.remote.ProtocolHandshake.createSession(ProtocolHandshake.java:128)
at org.openqa.selenium.remote.ProtocolHandshake.createSession(ProtocolHandshake.java:74)
at org.openqa.selenium.remote.HttpCommandExecutor.execute(HttpCommandExecutor.java:136)
at org.openqa.selenium.remote.service.DriverCommandExecutor.execute(DriverCommandExecutor.java:83)
at org.openqa.selenium.remote.RemoteWebDriver.execute(RemoteWebDriver.java:552)
at org.openqa.selenium.remote.RemoteWebDriver.startSession(RemoteWebDriver.java:213)
at org.openqa.selenium.remote.RemoteWebDriver.<init>(RemoteWebDriver.java:131)
at org.openqa.selenium.chrome.ChromeDriver.<init>(ChromeDriver.java:181)
at org.openqa.selenium.chrome.ChromeDriver.<init>(ChromeDriver.java:168)
at org.openqa.selenium.chrome.ChromeDriver.<init>(ChromeDriver.java:123)
at com.common.Base.getdriver(Base.java:12)
at com.stepdef.StepDef.user_able_to_go_home_page(StepDef.java:14)
at âœ½.Given user able to go home page(LogIn.feature:7)
... Removed 29 stack frames]]>
    </failure>
  </testcase> <!-- feature -->
</testsuite> <!-- Nopackage -->
